URI brute avant traitement : /DebatArena/src/web/debats/1
URI après nettoyage : /debats/1
URI finale utilisée : /debats/1
Route info après dispatch : Array
(
    [0] => 1
    [1] => Controllers\DebatController@listDebats
    [2] => Array
        (
            [page] => 1
        )

)

Route trouvée : Controllers\DebatController, listDebats, avec paramètres : Array
(
    [page] => 1
)

URI brute avant traitement : /DebatArena/src/web/debats/1
URI après nettoyage : /debats/1
URI finale utilisée : /debats/1
Route info après dispatch : Array
(
    [0] => 1
    [1] => Controllers\DebatController@listDebats
    [2] => Array
        (
            [page] => 1
        )

)

Route trouvée : Controllers\DebatController, listDebats, avec paramètres : Array
(
    [page] => 1
)

URI brute avant traitement : /DebatArena/src/web/debats/2
URI après nettoyage : /debats/2
URI finale utilisée : /debats/2
Route info après dispatch : Array
(
    [0] => 1
    [1] => Controllers\DebatController@listDebats
    [2] => Array
        (
            [page] => 2
        )

)

Route trouvée : Controllers\DebatController, listDebats, avec paramètres : Array
(
    [page] => 2
)

URI brute avant traitement : /DebatArena/src/web/debat/5
URI après nettoyage : /debat/5
URI finale utilisée : /debat/5
Route info après dispatch : Array
(
    [0] => 1
    [1] => Controllers\DebatController@viewDebat
    [2] => Array
        (
            [id] => 5
        )

)

Route trouvée : Controllers\DebatController, viewDebat, avec paramètres : Array
(
    [id] => 5
)

URI brute avant traitement : /DebatArena/src/web/debat/5
URI après nettoyage : /debat/5
URI finale utilisée : /debat/5
Route info après dispatch : Array
(
    [0] => 1
    [1] => Controllers\DebatController@viewDebat
    [2] => Array
        (
            [id] => 5
        )

)

Route trouvée : Controllers\DebatController, viewDebat, avec paramètres : Array
(
    [id] => 5
)

URI brute avant traitement : /DebatArena/src/web/debat/5
URI après nettoyage : /debat/5
URI finale utilisée : /debat/5
Route info après dispatch : Array
(
    [0] => 1
    [1] => Controllers\DebatController@viewDebat
    [2] => Array
        (
            [id] => 5
        )

)

Route trouvée : Controllers\DebatController, viewDebat, avec paramètres : Array
(
    [id] => 5
)

URI brute avant traitement : /DebatArena/src/web/debats/2
URI après nettoyage : /debats/2
URI finale utilisée : /debats/2
Route info après dispatch : Array
(
    [0] => 1
    [1] => Controllers\DebatController@listDebats
    [2] => Array
        (
            [page] => 2
        )

)

Route trouvée : Controllers\DebatController, listDebats, avec paramètres : Array
(
    [page] => 2
)

URI brute avant traitement : /DebatArena/src/web/debat/5
URI après nettoyage : /debat/5
URI finale utilisée : /debat/5
Route info après dispatch : Array
(
    [0] => 1
    [1] => Controllers\DebatController@viewDebat
    [2] => Array
        (
            [id] => 5
        )

)

Route trouvée : Controllers\DebatController, viewDebat, avec paramètres : Array
(
    [id] => 5
)

URI brute avant traitement : /DebatArena/src/web/debat/8
URI après nettoyage : /debat/8
URI finale utilisée : /debat/8
Route info après dispatch : Array
(
    [0] => 1
    [1] => Controllers\DebatController@viewDebat
    [2] => Array
        (
            [id] => 8
        )

)

Route trouvée : Controllers\DebatController, viewDebat, avec paramètres : Array
(
    [id] => 8
)

URI brute avant traitement : /DebatArena/src/web/debats/2
URI après nettoyage : /debats/2
URI finale utilisée : /debats/2
Route info après dispatch : Array
(
    [0] => 1
    [1] => Controllers\DebatController@listDebats
    [2] => Array
        (
            [page] => 2
        )

)

Route trouvée : Controllers\DebatController, listDebats, avec paramètres : Array
(
    [page] => 2
)

URI brute avant traitement : /DebatArena/src/web/debat/14
URI après nettoyage : /debat/14
URI finale utilisée : /debat/14
Route info après dispatch : Array
(
    [0] => 1
    [1] => Controllers\DebatController@viewDebat
    [2] => Array
        (
            [id] => 14
        )

)

Route trouvée : Controllers\DebatController, viewDebat, avec paramètres : Array
(
    [id] => 14
)

URI brute avant traitement : /DebatArena/src/web/debat/5
URI après nettoyage : /debat/5
URI finale utilisée : /debat/5
Route info après dispatch : Array
(
    [0] => 1
    [1] => Controllers\DebatController@viewDebat
    [2] => Array
        (
            [id] => 5
        )

)

Route trouvée : Controllers\DebatController, viewDebat, avec paramètres : Array
(
    [id] => 5
)

URI brute avant traitement : /DebatArena/src/web/debats/2
URI après nettoyage : /debats/2
URI finale utilisée : /debats/2
Route info après dispatch : Array
(
    [0] => 1
    [1] => Controllers\DebatController@listDebats
    [2] => Array
        (
            [page] => 2
        )

)

Route trouvée : Controllers\DebatController, listDebats, avec paramètres : Array
(
    [page] => 2
)

URI brute avant traitement : /DebatArena/src/web/
URI après nettoyage : /
URI finale utilisée : /
Route info après dispatch : Array
(
    [0] => 1
    [1] => Controllers\DebatController@listDebats
    [2] => Array
        (
        )

)

Route trouvée : Controllers\DebatController, listDebats, avec paramètres : Array
(
)

URI brute avant traitement : /DebatArena/src/web/debat/1
URI après nettoyage : /debat/1
URI finale utilisée : /debat/1
Route info après dispatch : Array
(
    [0] => 1
    [1] => Controllers\DebatController@viewDebat
    [2] => Array
        (
            [id] => 1
        )

)

Route trouvée : Controllers\DebatController, viewDebat, avec paramètres : Array
(
    [id] => 1
)

URI brute avant traitement : /DebatArena/src/web/debat/2
URI après nettoyage : /debat/2
URI finale utilisée : /debat/2
Route info après dispatch : Array
(
    [0] => 1
    [1] => Controllers\DebatController@viewDebat
    [2] => Array
        (
            [id] => 2
        )

)

Route trouvée : Controllers\DebatController, viewDebat, avec paramètres : Array
(
    [id] => 2
)

URI brute avant traitement : /DebatArena/src/web/debat/3
URI après nettoyage : /debat/3
URI finale utilisée : /debat/3
Route info après dispatch : Array
(
    [0] => 1
    [1] => Controllers\DebatController@viewDebat
    [2] => Array
        (
            [id] => 3
        )

)

Route trouvée : Controllers\DebatController, viewDebat, avec paramètres : Array
(
    [id] => 3
)

URI brute avant traitement : /DebatArena/src/web/debats/2
URI après nettoyage : /debats/2
URI finale utilisée : /debats/2
Route info après dispatch : Array
(
    [0] => 1
    [1] => Controllers\DebatController@listDebats
    [2] => Array
        (
            [page] => 2
        )

)

Route trouvée : Controllers\DebatController, listDebats, avec paramètres : Array
(
    [page] => 2
)

URI brute avant traitement : /DebatArena/src/web/debats/1
URI après nettoyage : /debats/1
URI finale utilisée : /debats/1
Route info après dispatch : Array
(
    [0] => 1
    [1] => Controllers\DebatController@listDebats
    [2] => Array
        (
            [page] => 1
        )

)

Route trouvée : Controllers\DebatController, listDebats, avec paramètres : Array
(
    [page] => 1
)

URI brute avant traitement : /DebatArena/src/web/debats/2
URI après nettoyage : /debats/2
URI finale utilisée : /debats/2
Route info après dispatch : Array
(
    [0] => 1
    [1] => Controllers\DebatController@listDebats
    [2] => Array
        (
            [page] => 2
        )

)

Route trouvée : Controllers\DebatController, listDebats, avec paramètres : Array
(
    [page] => 2
)

URI brute avant traitement : /DebatArena/src/web/debats/2
URI après nettoyage : /debats/2
URI finale utilisée : /debats/2
Route info après dispatch : Array
(
    [0] => 1
    [1] => Controllers\DebatController@listDebats
    [2] => Array
        (
            [page] => 2
        )

)

Route trouvée : Controllers\DebatController, listDebats, avec paramètres : Array
(
    [page] => 2
)

URI brute avant traitement : /DebatArena/src/web/debats/2
URI après nettoyage : /debats/2
URI finale utilisée : /debats/2
Route info après dispatch : Array
(
    [0] => 1
    [1] => Controllers\DebatController@listDebats
    [2] => Array
        (
            [page] => 2
        )

)

Route trouvée : Controllers\DebatController, listDebats, avec paramètres : Array
(
    [page] => 2
)

URI brute avant traitement : /DebatArena/src/web/debats/2
URI après nettoyage : /debats/2
URI finale utilisée : /debats/2
Route info après dispatch : Array
(
    [0] => 1
    [1] => Controllers\DebatController@listDebats
    [2] => Array
        (
            [page] => 2
        )

)

Route trouvée : Controllers\DebatController, listDebats, avec paramètres : Array
(
    [page] => 2
)

URI brute avant traitement : /DebatArena/src/web/debats/2
URI après nettoyage : /debats/2
URI finale utilisée : /debats/2
Route info après dispatch : Array
(
    [0] => 1
    [1] => Controllers\DebatController@listDebats
    [2] => Array
        (
            [page] => 2
        )

)

Route trouvée : Controllers\DebatController, listDebats, avec paramètres : Array
(
    [page] => 2
)

URI brute avant traitement : /DebatArena/src/web/debats/2
URI après nettoyage : /debats/2
URI finale utilisée : /debats/2
Route info après dispatch : Array
(
    [0] => 1
    [1] => Controllers\DebatController@listDebats
    [2] => Array
        (
            [page] => 2
        )

)

Route trouvée : Controllers\DebatController, listDebats, avec paramètres : Array
(
    [page] => 2
)

URI brute avant traitement : /DebatArena/src/web/debats/2
URI après nettoyage : /debats/2
URI finale utilisée : /debats/2
Route info après dispatch : Array
(
    [0] => 1
    [1] => Controllers\DebatController@listDebats
    [2] => Array
        (
            [page] => 2
        )

)

Route trouvée : Controllers\DebatController, listDebats, avec paramètres : Array
(
    [page] => 2
)

URI brute avant traitement : /DebatArena/src/web/debats/2
URI après nettoyage : /debats/2
URI finale utilisée : /debats/2
Route info après dispatch : Array
(
    [0] => 1
    [1] => Controllers\DebatController@listDebats
    [2] => Array
        (
            [page] => 2
        )

)

Route trouvée : Controllers\DebatController, listDebats, avec paramètres : Array
(
    [page] => 2
)

URI brute avant traitement : /DebatArena/src/web/debats/1
URI après nettoyage : /debats/1
URI finale utilisée : /debats/1
Route info après dispatch : Array
(
    [0] => 1
    [1] => Controllers\DebatController@listDebats
    [2] => Array
        (
            [page] => 1
        )

)

Route trouvée : Controllers\DebatController, listDebats, avec paramètres : Array
(
    [page] => 1
)

URI brute avant traitement : /DebatArena/src/web/debats/2
URI après nettoyage : /debats/2
URI finale utilisée : /debats/2
Route info après dispatch : Array
(
    [0] => 1
    [1] => Controllers\DebatController@listDebats
    [2] => Array
        (
            [page] => 2
        )

)

Route trouvée : Controllers\DebatController, listDebats, avec paramètres : Array
(
    [page] => 2
)

URI brute avant traitement : /DebatArena/src/web/debat/3
URI après nettoyage : /debat/3
URI finale utilisée : /debat/3
Route info après dispatch : Array
(
    [0] => 1
    [1] => Controllers\DebatController@viewDebat
    [2] => Array
        (
            [id] => 3
        )

)

Route trouvée : Controllers\DebatController, viewDebat, avec paramètres : Array
(
    [id] => 3
)

URI brute avant traitement : /DebatArena/src/web/debats/2
URI après nettoyage : /debats/2
URI finale utilisée : /debats/2
Route info après dispatch : Array
(
    [0] => 1
    [1] => Controllers\DebatController@listDebats
    [2] => Array
        (
            [page] => 2
        )

)

Route trouvée : Controllers\DebatController, listDebats, avec paramètres : Array
(
    [page] => 2
)

URI brute avant traitement : /DebatArena/src/web/debats/1
URI après nettoyage : /debats/1
URI finale utilisée : /debats/1
Route info après dispatch : Array
(
    [0] => 1
    [1] => Controllers\DebatController@listDebats
    [2] => Array
        (
            [page] => 1
        )

)

Route trouvée : Controllers\DebatController, listDebats, avec paramètres : Array
(
    [page] => 1
)

URI brute avant traitement : /DebatArena/src/web/debats/2
URI après nettoyage : /debats/2
URI finale utilisée : /debats/2
Route info après dispatch : Array
(
    [0] => 1
    [1] => Controllers\DebatController@listDebats
    [2] => Array
        (
            [page] => 2
        )

)

Route trouvée : Controllers\DebatController, listDebats, avec paramètres : Array
(
    [page] => 2
)

URI brute avant traitement : /DebatArena/src/web/debats/1
URI après nettoyage : /debats/1
URI finale utilisée : /debats/1
Route info après dispatch : Array
(
    [0] => 1
    [1] => Controllers\DebatController@listDebats
    [2] => Array
        (
            [page] => 1
        )

)

Route trouvée : Controllers\DebatController, listDebats, avec paramètres : Array
(
    [page] => 1
)

URI brute avant traitement : /DebatArena/src/web/debats/2
URI après nettoyage : /debats/2
URI finale utilisée : /debats/2
Route info après dispatch : Array
(
    [0] => 1
    [1] => Controllers\DebatController@listDebats
    [2] => Array
        (
            [page] => 2
        )

)

Route trouvée : Controllers\DebatController, listDebats, avec paramètres : Array
(
    [page] => 2
)

URI brute avant traitement : /DebatArena/src/web/debats/1
URI après nettoyage : /debats/1
URI finale utilisée : /debats/1
Route info après dispatch : Array
(
    [0] => 1
    [1] => Controllers\DebatController@listDebats
    [2] => Array
        (
            [page] => 1
        )

)

Route trouvée : Controllers\DebatController, listDebats, avec paramètres : Array
(
    [page] => 1
)

URI brute avant traitement : /DebatArena/src/web/debats/2
URI après nettoyage : /debats/2
URI finale utilisée : /debats/2
Route info après dispatch : Array
(
    [0] => 1
    [1] => Controllers\DebatController@listDebats
    [2] => Array
        (
            [page] => 2
        )

)

Route trouvée : Controllers\DebatController, listDebats, avec paramètres : Array
(
    [page] => 2
)

URI brute avant traitement : /DebatArena/src/web/debat/8
URI après nettoyage : /debat/8
URI finale utilisée : /debat/8
Route info après dispatch : Array
(
    [0] => 1
    [1] => Controllers\DebatController@viewDebat
    [2] => Array
        (
            [id] => 8
        )

)

Route trouvée : Controllers\DebatController, viewDebat, avec paramètres : Array
(
    [id] => 8
)

